<?xml version="1.0" encoding="UTF-8"?><testrun name="BowlingAllTests" project="Bowling_model_Sivert.tests" tests="1" started="1" failures="1" errors="0" ignored="0">
  <testsuite name="bowling.tests.BowlingAllTests" time="0.002">
    <testcase name="initializationError" classname="bowling.tests.BowlingAllTests" time="0.002">
      <failure>java.lang.AssertionError: expected:&lt;4&gt; but was:&lt;0&gt;
	at org.junit.Assert.fail(Assert.java:89)
	at org.junit.Assert.failNotEquals(Assert.java:835)
	at org.junit.Assert.assertEquals(Assert.java:647)
	at org.junit.Assert.assertEquals(Assert.java:633)
	at bowling.tests.BowlingAllTests.testValidation(BowlingAllTests.java:89)
	at bowling.tests.BowlingAllTests.&lt;init&gt;(BowlingAllTests.java:61)
	at bowling.tests.BowlingAllTests.suite(BowlingAllTests.java:47)
	at java.base/jdk.internal.reflect.NativeMethodAccessorImpl.invoke0(Native Method)
	at java.base/jdk.internal.reflect.NativeMethodAccessorImpl.invoke(NativeMethodAccessorImpl.java:64)
	at java.base/jdk.internal.reflect.DelegatingMethodAccessorImpl.invoke(DelegatingMethodAccessorImpl.java:43)
	at java.base/java.lang.reflect.Method.invoke(Method.java:564)
	at org.junit.internal.runners.SuiteMethod.testFromSuiteMethod(SuiteMethod.java:35)
	at org.junit.internal.runners.SuiteMethod.&lt;init&gt;(SuiteMethod.java:24)
	at org.junit.internal.builders.SuiteMethodBuilder.runnerForClass(SuiteMethodBuilder.java:11)
	at org.junit.internal.requests.ClassRequest$CustomSuiteMethodBuilder.runnerForClass(ClassRequest.java:51)
	at org.junit.runners.model.RunnerBuilder.safeRunnerForClass(RunnerBuilder.java:70)
	at org.junit.internal.builders.AllDefaultPossibilitiesBuilder.runnerForClass(AllDefaultPossibilitiesBuilder.java:37)
	at org.junit.runners.model.RunnerBuilder.safeRunnerForClass(RunnerBuilder.java:70)
	at org.junit.internal.requests.ClassRequest.createRunner(ClassRequest.java:28)
	at org.junit.internal.requests.MemoizingRequest.getRunner(MemoizingRequest.java:19)
	at org.eclipse.jdt.internal.junit4.runner.JUnit4TestLoader.createUnfilteredTest(JUnit4TestLoader.java:90)
	at org.eclipse.jdt.internal.junit4.runner.JUnit4TestLoader.createTest(JUnit4TestLoader.java:76)
	at org.eclipse.jdt.internal.junit4.runner.JUnit4TestLoader.loadTests(JUnit4TestLoader.java:49)
	at org.eclipse.jdt.internal.junit.runner.RemoteTestRunner.runTests(RemoteTestRunner.java:526)
	at org.eclipse.jdt.internal.junit.runner.RemoteTestRunner.runTests(RemoteTestRunner.java:770)
	at org.eclipse.jdt.internal.junit.runner.RemoteTestRunner.run(RemoteTestRunner.java:464)
	at org.eclipse.jdt.internal.junit.runner.RemoteTestRunner.main(RemoteTestRunner.java:210)

</failure>
    </testcase>
  </testsuite>
</testrun>
